Analysis & Synthesis report for alu_tb
Sun Nov 05 09:41:52 2017
Quartus II 64-Bit Version 15.0.0 Build 145 04/22/2015 SJ Full Version


---------------------
; Table of Contents ;
---------------------
  1. Legal Notice
  2. Analysis & Synthesis Summary
  3. Analysis & Synthesis Settings
  4. Parallel Compilation
  5. Analysis & Synthesis Source Files Read
  6. Analysis & Synthesis Resource Usage Summary
  7. Analysis & Synthesis Resource Utilization by Entity
  8. User-Specified and Inferred Latches
  9. General Register Statistics
 10. Multiplexer Restructuring Statistics (Restructuring Performed)
 11. Post-Synthesis Netlist Statistics for Top Partition
 12. Elapsed Time Per Partition
 13. Analysis & Synthesis Messages



----------------
; Legal Notice ;
----------------
Copyright (C) 1991-2015 Altera Corporation. All rights reserved.
Your use of Altera Corporation's design tools, logic functions 
and other software and tools, and its AMPP partner logic 
functions, and any output files from any of the foregoing 
(including device programming or simulation files), and any 
associated documentation or information are expressly subject 
to the terms and conditions of the Altera Program License 
Subscription Agreement, the Altera Quartus II License Agreement,
the Altera MegaCore Function License Agreement, or other 
applicable license agreement, including, without limitation, 
that your use is for the sole purpose of programming logic 
devices manufactured by Altera and sold by Altera or its 
authorized distributors.  Please refer to the applicable 
agreement for further details.



+-------------------------------------------------------------------------------+
; Analysis & Synthesis Summary                                                  ;
+---------------------------------+---------------------------------------------+
; Analysis & Synthesis Status     ; Successful - Sun Nov 05 09:41:52 2017       ;
; Quartus II 64-Bit Version       ; 15.0.0 Build 145 04/22/2015 SJ Full Version ;
; Revision Name                   ; alu_tb                                      ;
; Top-level Entity Name           ; alu_tb                                      ;
; Family                          ; Cyclone V                                   ;
; Logic utilization (in ALMs)     ; N/A                                         ;
; Total registers                 ; 32                                          ;
; Total pins                      ; 66                                          ;
; Total virtual pins              ; 0                                           ;
; Total block memory bits         ; 0                                           ;
; Total DSP Blocks                ; 0                                           ;
; Total HSSI RX PCSs              ; 0                                           ;
; Total HSSI PMA RX Deserializers ; 0                                           ;
; Total HSSI TX PCSs              ; 0                                           ;
; Total HSSI PMA TX Serializers   ; 0                                           ;
; Total PLLs                      ; 0                                           ;
; Total DLLs                      ; 0                                           ;
+---------------------------------+---------------------------------------------+


+---------------------------------------------------------------------------------------------------------------------------+
; Analysis & Synthesis Settings                                                                                             ;
+---------------------------------------------------------------------------------+--------------------+--------------------+
; Option                                                                          ; Setting            ; Default Value      ;
+---------------------------------------------------------------------------------+--------------------+--------------------+
; Device                                                                          ; 5CSEMA5F31C6       ;                    ;
; Top-level entity name                                                           ; alu_tb             ; alu_tb             ;
; Family name                                                                     ; Cyclone V          ; Cyclone V          ;
; Use smart compilation                                                           ; Off                ; Off                ;
; Enable parallel Assembler and TimeQuest Timing Analyzer during compilation      ; On                 ; On                 ;
; Enable compact report table                                                     ; Off                ; Off                ;
; Restructure Multiplexers                                                        ; Auto               ; Auto               ;
; MLAB Add Timing Constraints For Mixed-Port Feed-Through Mode Setting Don't Care ; Off                ; Off                ;
; Create Debugging Nodes for IP Cores                                             ; Off                ; Off                ;
; Preserve fewer node names                                                       ; On                 ; On                 ;
; Disable OpenCore Plus hardware evaluation                                       ; Off                ; Off                ;
; Verilog Version                                                                 ; Verilog_2001       ; Verilog_2001       ;
; VHDL Version                                                                    ; VHDL_1993          ; VHDL_1993          ;
; State Machine Processing                                                        ; Auto               ; Auto               ;
; Safe State Machine                                                              ; Off                ; Off                ;
; Extract Verilog State Machines                                                  ; On                 ; On                 ;
; Extract VHDL State Machines                                                     ; On                 ; On                 ;
; Ignore Verilog initial constructs                                               ; Off                ; Off                ;
; Iteration limit for constant Verilog loops                                      ; 5000               ; 5000               ;
; Iteration limit for non-constant Verilog loops                                  ; 250                ; 250                ;
; Add Pass-Through Logic to Inferred RAMs                                         ; On                 ; On                 ;
; Infer RAMs from Raw Logic                                                       ; On                 ; On                 ;
; Parallel Synthesis                                                              ; On                 ; On                 ;
; DSP Block Balancing                                                             ; Auto               ; Auto               ;
; NOT Gate Push-Back                                                              ; On                 ; On                 ;
; Power-Up Don't Care                                                             ; On                 ; On                 ;
; Remove Redundant Logic Cells                                                    ; Off                ; Off                ;
; Remove Duplicate Registers                                                      ; On                 ; On                 ;
; Ignore CARRY Buffers                                                            ; Off                ; Off                ;
; Ignore CASCADE Buffers                                                          ; Off                ; Off                ;
; Ignore GLOBAL Buffers                                                           ; Off                ; Off                ;
; Ignore ROW GLOBAL Buffers                                                       ; Off                ; Off                ;
; Ignore LCELL Buffers                                                            ; Off                ; Off                ;
; Ignore SOFT Buffers                                                             ; On                 ; On                 ;
; Limit AHDL Integers to 32 Bits                                                  ; Off                ; Off                ;
; Optimization Technique                                                          ; Balanced           ; Balanced           ;
; Carry Chain Length                                                              ; 70                 ; 70                 ;
; Auto Carry Chains                                                               ; On                 ; On                 ;
; Auto Open-Drain Pins                                                            ; On                 ; On                 ;
; Perform WYSIWYG Primitive Resynthesis                                           ; Off                ; Off                ;
; Auto ROM Replacement                                                            ; On                 ; On                 ;
; Auto RAM Replacement                                                            ; On                 ; On                 ;
; Auto DSP Block Replacement                                                      ; On                 ; On                 ;
; Auto Shift Register Replacement                                                 ; Auto               ; Auto               ;
; Allow Shift Register Merging across Hierarchies                                 ; Auto               ; Auto               ;
; Auto Clock Enable Replacement                                                   ; On                 ; On                 ;
; Strict RAM Replacement                                                          ; Off                ; Off                ;
; Allow Synchronous Control Signals                                               ; On                 ; On                 ;
; Force Use of Synchronous Clear Signals                                          ; Off                ; Off                ;
; Auto Resource Sharing                                                           ; Off                ; Off                ;
; Allow Any RAM Size For Recognition                                              ; Off                ; Off                ;
; Allow Any ROM Size For Recognition                                              ; Off                ; Off                ;
; Allow Any Shift Register Size For Recognition                                   ; Off                ; Off                ;
; Use LogicLock Constraints during Resource Balancing                             ; On                 ; On                 ;
; Ignore translate_off and synthesis_off directives                               ; Off                ; Off                ;
; Timing-Driven Synthesis                                                         ; On                 ; On                 ;
; Report Parameter Settings                                                       ; On                 ; On                 ;
; Report Source Assignments                                                       ; On                 ; On                 ;
; Report Connectivity Checks                                                      ; On                 ; On                 ;
; Ignore Maximum Fan-Out Assignments                                              ; Off                ; Off                ;
; Synchronization Register Chain Length                                           ; 3                  ; 3                  ;
; PowerPlay Power Optimization During Synthesis                                   ; Normal compilation ; Normal compilation ;
; HDL message level                                                               ; Level2             ; Level2             ;
; Suppress Register Optimization Related Messages                                 ; Off                ; Off                ;
; Number of Removed Registers Reported in Synthesis Report                        ; 5000               ; 5000               ;
; Number of Swept Nodes Reported in Synthesis Report                              ; 5000               ; 5000               ;
; Number of Inverted Registers Reported in Synthesis Report                       ; 100                ; 100                ;
; Clock MUX Protection                                                            ; On                 ; On                 ;
; Auto Gated Clock Conversion                                                     ; Off                ; Off                ;
; Block Design Naming                                                             ; Auto               ; Auto               ;
; SDC constraint protection                                                       ; Off                ; Off                ;
; Synthesis Effort                                                                ; Auto               ; Auto               ;
; Shift Register Replacement - Allow Asynchronous Clear Signal                    ; On                 ; On                 ;
; Pre-Mapping Resynthesis Optimization                                            ; Off                ; Off                ;
; Analysis & Synthesis Message Level                                              ; Medium             ; Medium             ;
; Disable Register Merging Across Hierarchies                                     ; Auto               ; Auto               ;
; Resource Aware Inference For Block RAM                                          ; On                 ; On                 ;
; Synthesis Seed                                                                  ; 1                  ; 1                  ;
; Automatic Parallel Synthesis                                                    ; On                 ; On                 ;
; Partial Reconfiguration Bitstream ID                                            ; Off                ; Off                ;
+---------------------------------------------------------------------------------+--------------------+--------------------+


+------------------------------------------+
; Parallel Compilation                     ;
+----------------------------+-------------+
; Processors                 ; Number      ;
+----------------------------+-------------+
; Number detected on machine ; 4           ;
; Maximum allowed            ; 2           ;
;                            ;             ;
; Average used               ; 1.00        ;
; Maximum used               ; 1           ;
;                            ;             ;
; Usage by Processor         ; % Time Used ;
;     Processor 1            ; 100.0%      ;
;     Processors 2-4         ;   0.0%      ;
+----------------------------+-------------+


+--------------------------------------------------------------------------------------------------------------------------------------------------+
; Analysis & Synthesis Source Files Read                                                                                                           ;
+----------------------------------+-----------------+------------------------------------+----------------------------------------------+---------+
; File Name with User-Entered Path ; Used in Netlist ; File Type                          ; File Name with Absolute Path                 ; Library ;
+----------------------------------+-----------------+------------------------------------+----------------------------------------------+---------+
; seg7.vhd                         ; yes             ; User VHDL File                     ; D:/software/altera/EE310_Lab5/seg7.vhd       ;         ;
; alu.vhd                          ; yes             ; User VHDL File                     ; D:/software/altera/EE310_Lab5/alu.vhd        ;         ;
; alu_tb.bdf                       ; yes             ; User Block Diagram/Schematic File  ; D:/software/altera/EE310_Lab5/alu_tb.bdf     ;         ;
; Data_DeMUX.vhd                   ; yes             ; User VHDL File                     ; D:/software/altera/EE310_Lab5/Data_DeMUX.vhd ;         ;
+----------------------------------+-----------------+------------------------------------+----------------------------------------------+---------+


+--------------------------------------------------------------------------+
; Analysis & Synthesis Resource Usage Summary                              ;
+---------------------------------------------+----------------------------+
; Resource                                    ; Usage                      ;
+---------------------------------------------+----------------------------+
; Estimate of Logic utilization (ALMs needed) ; 113                        ;
;                                             ;                            ;
; Combinational ALUT usage for logic          ; 142                        ;
;     -- 7 input functions                    ; 1                          ;
;     -- 6 input functions                    ; 79                         ;
;     -- 5 input functions                    ; 22                         ;
;     -- 4 input functions                    ; 13                         ;
;     -- <=3 input functions                  ; 27                         ;
;                                             ;                            ;
; Dedicated logic registers                   ; 32                         ;
;                                             ;                            ;
; I/O pins                                    ; 66                         ;
;                                             ;                            ;
; Total DSP Blocks                            ; 0                          ;
;                                             ;                            ;
; Maximum fan-out node                        ; Data_DeMUX:inst1|opcode[0] ;
; Maximum fan-out                             ; 43                         ;
; Total fan-out                               ; 904                        ;
; Average fan-out                             ; 2.95                       ;
+---------------------------------------------+----------------------------+


+----------------------------------------------------------------------------------------------------------------------------------------------------------------+
; Analysis & Synthesis Resource Utilization by Entity                                                                                                            ;
+----------------------------+-------------------+--------------+-------------------+------------+------+--------------+--------------------------+--------------+
; Compilation Hierarchy Node ; LC Combinationals ; LC Registers ; Block Memory Bits ; DSP Blocks ; Pins ; Virtual Pins ; Full Hierarchy Name      ; Library Name ;
+----------------------------+-------------------+--------------+-------------------+------------+------+--------------+--------------------------+--------------+
; |alu_tb                    ; 142 (6)           ; 32 (0)       ; 0                 ; 0          ; 66   ; 0            ; |alu_tb                  ; work         ;
;    |Data_DeMUX:inst1|      ; 0 (0)             ; 32 (32)      ; 0                 ; 0          ; 0    ; 0            ; |alu_tb|Data_DeMUX:inst1 ; work         ;
;    |alu:inst|              ; 94 (94)           ; 0 (0)        ; 0                 ; 0          ; 0    ; 0            ; |alu_tb|alu:inst         ; work         ;
;    |seg7:SEG1|             ; 14 (14)           ; 0 (0)        ; 0                 ; 0          ; 0    ; 0            ; |alu_tb|seg7:SEG1        ; work         ;
;    |seg7:SEG2|             ; 14 (14)           ; 0 (0)        ; 0                 ; 0          ; 0    ; 0            ; |alu_tb|seg7:SEG2        ; work         ;
;    |seg7:SEG3|             ; 14 (14)           ; 0 (0)        ; 0                 ; 0          ; 0    ; 0            ; |alu_tb|seg7:SEG3        ; work         ;
+----------------------------+-------------------+--------------+-------------------+------------+------+--------------+--------------------------+--------------+
Note: For table entries with two numbers listed, the numbers in parentheses indicate the number of resources of the given type used by the specific entity alone. The numbers listed outside of parentheses indicate the total resources of the given type used by the specific entity and all of its sub-entities in the hierarchy.


+---------------------------------------------------------------------------------------------------+
; User-Specified and Inferred Latches                                                               ;
+----------------------------------------------------+---------------------+------------------------+
; Latch Name                                         ; Latch Enable Signal ; Free of Timing Hazards ;
+----------------------------------------------------+---------------------+------------------------+
; alu:inst|Z[0]                                      ; alu:inst|Mux10      ; yes                    ;
; alu:inst|Z[1]                                      ; alu:inst|Mux10      ; yes                    ;
; alu:inst|Z[2]                                      ; alu:inst|Mux10      ; yes                    ;
; alu:inst|Z[3]                                      ; alu:inst|Mux10      ; yes                    ;
; alu:inst|Z[4]                                      ; alu:inst|Mux10      ; yes                    ;
; alu:inst|Z[5]                                      ; alu:inst|Mux10      ; yes                    ;
; alu:inst|Z[6]                                      ; alu:inst|Mux10      ; yes                    ;
; alu:inst|Z[7]                                      ; alu:inst|Mux10      ; yes                    ;
; Number of user-specified and inferred latches = 8  ;                     ;                        ;
+----------------------------------------------------+---------------------+------------------------+
Note: All latches listed above may not be present at the end of synthesis due to various synthesis optimizations.


+------------------------------------------------------+
; General Register Statistics                          ;
+----------------------------------------------+-------+
; Statistic                                    ; Value ;
+----------------------------------------------+-------+
; Total registers                              ; 32    ;
; Number of registers using Synchronous Clear  ; 0     ;
; Number of registers using Synchronous Load   ; 0     ;
; Number of registers using Asynchronous Clear ; 0     ;
; Number of registers using Asynchronous Load  ; 0     ;
; Number of registers using Clock Enable       ; 0     ;
; Number of registers using Preset             ; 0     ;
+----------------------------------------------+-------+


+--------------------------------------------------------------------------------------------------------------------------------------------+
; Multiplexer Restructuring Statistics (Restructuring Performed)                                                                             ;
+--------------------+-----------+---------------+----------------------+------------------------+------------+------------------------------+
; Multiplexer Inputs ; Bus Width ; Baseline Area ; Area if Restructured ; Saving if Restructured ; Registered ; Example Multiplexer Output   ;
+--------------------+-----------+---------------+----------------------+------------------------+------------+------------------------------+
; 3:1                ; 42 bits   ; 84 LEs        ; 84 LEs               ; 0 LEs                  ; No         ; |alu_tb|seg7:SEG1|sm_db_0[4] ;
; 4:1                ; 2 bits    ; 4 LEs         ; 4 LEs                ; 0 LEs                  ; No         ; No name available in netlist ;
; 4:1                ; 2 bits    ; 4 LEs         ; 4 LEs                ; 0 LEs                  ; No         ; No name available in netlist ;
; 4:1                ; 2 bits    ; 4 LEs         ; 4 LEs                ; 0 LEs                  ; No         ; No name available in netlist ;
; 5:1                ; 6 bits    ; 18 LEs        ; 6 LEs                ; 12 LEs                 ; No         ; |alu_tb|alu:inst|Add0        ;
; 5:1                ; 7 bits    ; 21 LEs        ; 14 LEs               ; 7 LEs                  ; No         ; |alu_tb|alu:inst|Add0        ;
; 17:1               ; 4 bits    ; 44 LEs        ; 40 LEs               ; 4 LEs                  ; No         ; |alu_tb|alu:inst|Mux4        ;
; 17:1               ; 4 bits    ; 44 LEs        ; 40 LEs               ; 4 LEs                  ; No         ; |alu_tb|alu:inst|Mux9        ;
+--------------------+-----------+---------------+----------------------+------------------------+------------+------------------------------+


+-----------------------------------------------------+
; Post-Synthesis Netlist Statistics for Top Partition ;
+-----------------------+-----------------------------+
; Type                  ; Count                       ;
+-----------------------+-----------------------------+
; arriav_ff             ; 32                          ;
;     plain             ; 32                          ;
; arriav_lcell_comb     ; 142                         ;
;     arith             ; 9                           ;
;         1 data inputs ; 1                           ;
;         4 data inputs ; 6                           ;
;         5 data inputs ; 2                           ;
;     extend            ; 1                           ;
;         7 data inputs ; 1                           ;
;     normal            ; 132                         ;
;         2 data inputs ; 8                           ;
;         3 data inputs ; 18                          ;
;         4 data inputs ; 7                           ;
;         5 data inputs ; 20                          ;
;         6 data inputs ; 79                          ;
; boundary_port         ; 66                          ;
;                       ;                             ;
; Max LUT depth         ; 5.70                        ;
; Average LUT depth     ; 3.37                        ;
+-----------------------+-----------------------------+


+-------------------------------+
; Elapsed Time Per Partition    ;
+----------------+--------------+
; Partition Name ; Elapsed Time ;
+----------------+--------------+
; Top            ; 00:00:03     ;
+----------------+--------------+


+-------------------------------+
; Analysis & Synthesis Messages ;
+-------------------------------+
Info: *******************************************************************
Info: Running Quartus II 64-Bit Analysis & Synthesis
    Info: Version 15.0.0 Build 145 04/22/2015 SJ Full Version
    Info: Processing started: Sun Nov 05 09:41:29 2017
Info: Command: quartus_map --read_settings_files=on --write_settings_files=off lab5 -c alu_tb
Info (11104): Parallel Compilation has detected 4 hyper-threaded processors. However, the extra hyper-threaded processors will not be used by default. Parallel Compilation will use 2 of the 2 physical processors detected instead.
Info (12021): Found 2 design units, including 1 entities, in source file seg7.vhd
    Info (12022): Found design unit 1: seg7-seg_display
    Info (12023): Found entity 1: seg7
Info (12021): Found 2 design units, including 1 entities, in source file alu.vhd
    Info (12022): Found design unit 1: alu-alubhv
    Info (12023): Found entity 1: alu
Info (12021): Found 1 design units, including 1 entities, in source file alu_tb.bdf
    Info (12023): Found entity 1: alu_tb
Info (12021): Found 2 design units, including 1 entities, in source file data_demux.vhd
    Info (12022): Found design unit 1: Data_DeMUX-Data_DeMUXbhv
    Info (12023): Found entity 1: Data_DeMUX
Info (12127): Elaborating entity "alu_tb" for the top level hierarchy
Info (12128): Elaborating entity "seg7" for hierarchy "seg7:SEG1"
Info (12128): Elaborating entity "alu" for hierarchy "alu:inst"
Warning (10492): VHDL Process Statement warning at alu.vhd(39): signal "MDR" is read inside the Process Statement but isn't in the Process Statement's sensitivity list
Warning (10492): VHDL Process Statement warning at alu.vhd(42): signal "value_in" is read inside the Process Statement but isn't in the Process Statement's sensitivity list
Warning (10492): VHDL Process Statement warning at alu.vhd(54): signal "AC" is read inside the Process Statement but isn't in the Process Statement's sensitivity list
Warning (10492): VHDL Process Statement warning at alu.vhd(54): signal "MDR" is read inside the Process Statement but isn't in the Process Statement's sensitivity list
Warning (10492): VHDL Process Statement warning at alu.vhd(57): signal "AC" is read inside the Process Statement but isn't in the Process Statement's sensitivity list
Warning (10492): VHDL Process Statement warning at alu.vhd(57): signal "value_in" is read inside the Process Statement but isn't in the Process Statement's sensitivity list
Warning (10492): VHDL Process Statement warning at alu.vhd(60): signal "AC" is read inside the Process Statement but isn't in the Process Statement's sensitivity list
Warning (10492): VHDL Process Statement warning at alu.vhd(60): signal "MDR" is read inside the Process Statement but isn't in the Process Statement's sensitivity list
Warning (10492): VHDL Process Statement warning at alu.vhd(63): signal "AC" is read inside the Process Statement but isn't in the Process Statement's sensitivity list
Warning (10492): VHDL Process Statement warning at alu.vhd(63): signal "value_in" is read inside the Process Statement but isn't in the Process Statement's sensitivity list
Warning (10492): VHDL Process Statement warning at alu.vhd(66): signal "MDR" is read inside the Process Statement but isn't in the Process Statement's sensitivity list
Warning (10492): VHDL Process Statement warning at alu.vhd(72): signal "MDR" is read inside the Process Statement but isn't in the Process Statement's sensitivity list
Warning (10492): VHDL Process Statement warning at alu.vhd(75): signal "AC" is read inside the Process Statement but isn't in the Process Statement's sensitivity list
Warning (10492): VHDL Process Statement warning at alu.vhd(75): signal "MDR" is read inside the Process Statement but isn't in the Process Statement's sensitivity list
Warning (10492): VHDL Process Statement warning at alu.vhd(78): signal "AC" is read inside the Process Statement but isn't in the Process Statement's sensitivity list
Warning (10492): VHDL Process Statement warning at alu.vhd(78): signal "MDR" is read inside the Process Statement but isn't in the Process Statement's sensitivity list
Warning (10492): VHDL Process Statement warning at alu.vhd(81): signal "AC" is read inside the Process Statement but isn't in the Process Statement's sensitivity list
Warning (10492): VHDL Process Statement warning at alu.vhd(81): signal "MDR" is read inside the Process Statement but isn't in the Process Statement's sensitivity list
Warning (10492): VHDL Process Statement warning at alu.vhd(84): signal "AC" is read inside the Process Statement but isn't in the Process Statement's sensitivity list
Warning (10492): VHDL Process Statement warning at alu.vhd(84): signal "value_in" is read inside the Process Statement but isn't in the Process Statement's sensitivity list
Warning (10492): VHDL Process Statement warning at alu.vhd(88): signal "AC" is read inside the Process Statement but isn't in the Process Statement's sensitivity list
Warning (10492): VHDL Process Statement warning at alu.vhd(88): signal "value_in" is read inside the Process Statement but isn't in the Process Statement's sensitivity list
Warning (10492): VHDL Process Statement warning at alu.vhd(98): signal "AC" is read inside the Process Statement but isn't in the Process Statement's sensitivity list
Warning (10492): VHDL Process Statement warning at alu.vhd(105): signal "AC" is read inside the Process Statement but isn't in the Process Statement's sensitivity list
Warning (10492): VHDL Process Statement warning at alu.vhd(112): signal "AC" is read inside the Process Statement but isn't in the Process Statement's sensitivity list
Warning (10492): VHDL Process Statement warning at alu.vhd(119): signal "AC" is read inside the Process Statement but isn't in the Process Statement's sensitivity list
Warning (10631): VHDL Process Statement warning at alu.vhd(23): inferring latch(es) for signal or variable "Z", which holds its previous value in one or more paths through the process
Info (10041): Inferred latch for "Z[0]" at alu.vhd(23)
Info (10041): Inferred latch for "Z[1]" at alu.vhd(23)
Info (10041): Inferred latch for "Z[2]" at alu.vhd(23)
Info (10041): Inferred latch for "Z[3]" at alu.vhd(23)
Info (10041): Inferred latch for "Z[4]" at alu.vhd(23)
Info (10041): Inferred latch for "Z[5]" at alu.vhd(23)
Info (10041): Inferred latch for "Z[6]" at alu.vhd(23)
Info (10041): Inferred latch for "Z[7]" at alu.vhd(23)
Info (12128): Elaborating entity "Data_DeMUX" for hierarchy "Data_DeMUX:inst1"
Warning (13012): Latch alu:inst|Z[0] has unsafe behavior
    Warning (13013): Ports D and ENA on the latch are fed by the same signal Data_DeMUX:inst1|opcode[2]
Warning (13012): Latch alu:inst|Z[1] has unsafe behavior
    Warning (13013): Ports D and ENA on the latch are fed by the same signal Data_DeMUX:inst1|opcode[2]
Warning (13012): Latch alu:inst|Z[2] has unsafe behavior
    Warning (13013): Ports D and ENA on the latch are fed by the same signal Data_DeMUX:inst1|opcode[2]
Warning (13012): Latch alu:inst|Z[3] has unsafe behavior
    Warning (13013): Ports D and ENA on the latch are fed by the same signal Data_DeMUX:inst1|opcode[2]
Warning (13012): Latch alu:inst|Z[4] has unsafe behavior
    Warning (13013): Ports D and ENA on the latch are fed by the same signal Data_DeMUX:inst1|opcode[2]
Warning (13012): Latch alu:inst|Z[5] has unsafe behavior
    Warning (13013): Ports D and ENA on the latch are fed by the same signal Data_DeMUX:inst1|opcode[2]
Warning (13012): Latch alu:inst|Z[6] has unsafe behavior
    Warning (13013): Ports D and ENA on the latch are fed by the same signal Data_DeMUX:inst1|opcode[2]
Warning (13012): Latch alu:inst|Z[7] has unsafe behavior
    Warning (13013): Ports D and ENA on the latch are fed by the same signal Data_DeMUX:inst1|opcode[2]
Info (286030): Timing-Driven Synthesis is running
Info (16010): Generating hard_block partition "hard_block:auto_generated_inst"
    Info (16011): Adding 0 node(s), including 0 DDIO, 0 PLL, 0 transceiver and 0 LCELL
Info (21057): Implemented 240 device resources after synthesis - the final resource count might be different
    Info (21058): Implemented 14 input pins
    Info (21059): Implemented 52 output pins
    Info (21061): Implemented 174 logic cells
Info: Quartus II 64-Bit Analysis & Synthesis was successful. 0 errors, 43 warnings
    Info: Peak virtual memory: 757 megabytes
    Info: Processing ended: Sun Nov 05 09:41:53 2017
    Info: Elapsed time: 00:00:24
    Info: Total CPU time (on all processors): 00:00:34


