Flow report for and2in
Mon Sep 18 18:53:19 2017
Quartus II 64-Bit Version 15.0.0 Build 145 04/22/2015 SJ Full Version


---------------------
; Table of Contents ;
---------------------
  1. Legal Notice
  2. Flow Summary
  3. Flow Settings
  4. Flow Non-Default Global Settings
  5. Flow Elapsed Time
  6. Flow OS Summary
  7. Flow Log
  8. Flow Messages
  9. Flow Suppressed Messages



----------------
; Legal Notice ;
----------------
Copyright (C) 1991-2015 Altera Corporation. All rights reserved.
Your use of Altera Corporation's design tools, logic functions 
and other software and tools, and its AMPP partner logic 
functions, and any output files from any of the foregoing 
(including device programming or simulation files), and any 
associated documentation or information are expressly subject 
to the terms and conditions of the Altera Program License 
Subscription Agreement, the Altera Quartus II License Agreement,
the Altera MegaCore Function License Agreement, or other 
applicable license agreement, including, without limitation, 
that your use is for the sole purpose of programming logic 
devices manufactured by Altera and sold by Altera or its 
authorized distributors.  Please refer to the applicable 
agreement for further details.



+-------------------------------------------------------------------------------+
; Flow Summary                                                                  ;
+---------------------------------+---------------------------------------------+
; Flow Status                     ; Successful - Mon Sep 18 18:53:19 2017       ;
; Quartus II 64-Bit Version       ; 15.0.0 Build 145 04/22/2015 SJ Full Version ;
; Revision Name                   ; and2in                                      ;
; Top-level Entity Name           ; and2in                                      ;
; Family                          ; Cyclone V                                   ;
; Device                          ; 5CSEMA5F31C6                                ;
; Timing Models                   ; Final                                       ;
; Logic utilization (in ALMs)     ; 1 / 32,070 ( < 1 % )                        ;
; Total registers                 ; 0                                           ;
; Total pins                      ; 3 / 457 ( < 1 % )                           ;
; Total virtual pins              ; 0                                           ;
; Total block memory bits         ; 0 / 4,065,280 ( 0 % )                       ;
; Total DSP Blocks                ; 0 / 87 ( 0 % )                              ;
; Total HSSI RX PCSs              ; 0                                           ;
; Total HSSI PMA RX Deserializers ; 0                                           ;
; Total HSSI TX PCSs              ; 0                                           ;
; Total HSSI PMA TX Serializers   ; 0                                           ;
; Total PLLs                      ; 0 / 6 ( 0 % )                               ;
; Total DLLs                      ; 0 / 4 ( 0 % )                               ;
+---------------------------------+---------------------------------------------+


+-----------------------------------------+
; Flow Settings                           ;
+-------------------+---------------------+
; Option            ; Setting             ;
+-------------------+---------------------+
; Start date & time ; 09/18/2017 18:51:17 ;
; Main task         ; Compilation         ;
; Revision Name     ; and2in              ;
+-------------------+---------------------+


+--------------------------------------------------------------------------------------------------------------------+
; Flow Non-Default Global Settings                                                                                   ;
+-------------------------------------+-------------------------------+---------------+-------------+----------------+
; Assignment Name                     ; Value                         ; Default Value ; Entity Name ; Section Id     ;
+-------------------------------------+-------------------------------+---------------+-------------+----------------+
; COMPILER_SIGNATURE_ID               ; 1096297740687.150573187710060 ; --            ; --          ; --             ;
; EDA_OUTPUT_DATA_FORMAT              ; Vhdl                          ; --            ; --          ; eda_simulation ;
; EDA_SIMULATION_TOOL                 ; ModelSim-Altera (VHDL)        ; <None>        ; --          ; --             ;
; MAX_CORE_JUNCTION_TEMP              ; 85                            ; --            ; --          ; --             ;
; MIN_CORE_JUNCTION_TEMP              ; 0                             ; --            ; --          ; --             ;
; PARTITION_COLOR                     ; 16764057                      ; --            ; --          ; Top            ;
; PARTITION_FITTER_PRESERVATION_LEVEL ; PLACEMENT_AND_ROUTING         ; --            ; --          ; Top            ;
; PARTITION_NETLIST_TYPE              ; SOURCE                        ; --            ; --          ; Top            ;
; PROJECT_OUTPUT_DIRECTORY            ; output_files                  ; --            ; --          ; --             ;
+-------------------------------------+-------------------------------+---------------+-------------+----------------+


+-------------------------------------------------------------------------------------------------------------------------------+
; Flow Elapsed Time                                                                                                             ;
+---------------------------+--------------+-------------------------+---------------------+------------------------------------+
; Module Name               ; Elapsed Time ; Average Processors Used ; Peak Virtual Memory ; Total CPU Time (on all processors) ;
+---------------------------+--------------+-------------------------+---------------------+------------------------------------+
; Analysis & Synthesis      ; 00:00:20     ; 1.0                     ; 752 MB              ; 00:00:35                           ;
; Fitter                    ; 00:01:04     ; 1.2                     ; 2006 MB             ; 00:01:25                           ;
; Assembler                 ; 00:00:15     ; 1.0                     ; 739 MB              ; 00:00:12                           ;
; TimeQuest Timing Analyzer ; 00:00:06     ; 1.0                     ; 1003 MB             ; 00:00:05                           ;
; EDA Netlist Writer        ; 00:00:02     ; 1.0                     ; 648 MB              ; 00:00:01                           ;
; Total                     ; 00:01:47     ; --                      ; --                  ; 00:02:18                           ;
+---------------------------+--------------+-------------------------+---------------------+------------------------------------+


+----------------------------------------------------------------------------------------+
; Flow OS Summary                                                                        ;
+---------------------------+------------------+-----------+------------+----------------+
; Module Name               ; Machine Hostname ; OS Name   ; OS Version ; Processor type ;
+---------------------------+------------------+-----------+------------+----------------+
; Analysis & Synthesis      ; »ÃÃÎ¿Õ»ª-PC      ; Windows 7 ; 6.1        ; x86_64         ;
; Fitter                    ; »ÃÃÎ¿Õ»ª-PC      ; Windows 7 ; 6.1        ; x86_64         ;
; Assembler                 ; »ÃÃÎ¿Õ»ª-PC      ; Windows 7 ; 6.1        ; x86_64         ;
; TimeQuest Timing Analyzer ; »ÃÃÎ¿Õ»ª-PC      ; Windows 7 ; 6.1        ; x86_64         ;
; EDA Netlist Writer        ; »ÃÃÎ¿Õ»ª-PC      ; Windows 7 ; 6.1        ; x86_64         ;
+---------------------------+------------------+-----------+------------+----------------+


------------
; Flow Log ;
------------
quartus_map --read_settings_files=on --write_settings_files=off Lab2 -c and2in
quartus_fit --read_settings_files=off --write_settings_files=off Lab2 -c and2in
quartus_asm --read_settings_files=off --write_settings_files=off Lab2 -c and2in
quartus_sta Lab2 -c and2in
quartus_eda --read_settings_files=off --write_settings_files=off Lab2 -c and2in



