Assembler report for d_ff_tb
Tue Sep 19 17:47:36 2017
Quartus II 64-Bit Version 15.0.0 Build 145 04/22/2015 SJ Full Version


---------------------
; Table of Contents ;
---------------------
  1. Legal Notice
  2. Assembler Summary
  3. Assembler Settings
  4. Assembler Generated Files
  5. Assembler Device Options: D:/software/altera/EE310/output_files/d_ff_tb.sof
  6. Assembler Messages



----------------
; Legal Notice ;
----------------
Copyright (C) 1991-2015 Altera Corporation. All rights reserved.
Your use of Altera Corporation's design tools, logic functions 
and other software and tools, and its AMPP partner logic 
functions, and any output files from any of the foregoing 
(including device programming or simulation files), and any 
associated documentation or information are expressly subject 
to the terms and conditions of the Altera Program License 
Subscription Agreement, the Altera Quartus II License Agreement,
the Altera MegaCore Function License Agreement, or other 
applicable license agreement, including, without limitation, 
that your use is for the sole purpose of programming logic 
devices manufactured by Altera and sold by Altera or its 
authorized distributors.  Please refer to the applicable 
agreement for further details.



+---------------------------------------------------------------+
; Assembler Summary                                             ;
+-----------------------+---------------------------------------+
; Assembler Status      ; Successful - Tue Sep 19 17:47:36 2017 ;
; Revision Name         ; d_ff_tb                               ;
; Top-level Entity Name ; d_ff_tb                               ;
; Family                ; Cyclone V                             ;
; Device                ; 5CSEMA5F31C6                          ;
+-----------------------+---------------------------------------+


+----------------------------------+
; Assembler Settings               ;
+--------+---------+---------------+
; Option ; Setting ; Default Value ;
+--------+---------+---------------+


+---------------------------------------------------+
; Assembler Generated Files                         ;
+---------------------------------------------------+
; File Name                                         ;
+---------------------------------------------------+
; D:/software/altera/EE310/output_files/d_ff_tb.sof ;
+---------------------------------------------------+


+-----------------------------------------------------------------------------+
; Assembler Device Options: D:/software/altera/EE310/output_files/d_ff_tb.sof ;
+----------------+------------------------------------------------------------+
; Option         ; Setting                                                    ;
+----------------+------------------------------------------------------------+
; Device         ; 5CSEMA5F31C6                                               ;
; JTAG usercode  ; 0x00AF1B81                                                 ;
; Checksum       ; 0x00AF1B81                                                 ;
+----------------+------------------------------------------------------------+


+--------------------+
; Assembler Messages ;
+--------------------+
Info: *******************************************************************
Info: Running Quartus II 64-Bit Assembler
    Info: Version 15.0.0 Build 145 04/22/2015 SJ Full Version
    Info: Processing started: Tue Sep 19 17:47:24 2017
Info: Command: quartus_asm --read_settings_files=off --write_settings_files=off Lab2 -c d_ff_tb
Info (115030): Assembler is generating device programming files
Info: Quartus II 64-Bit Assembler was successful. 0 errors, 0 warnings
    Info: Peak virtual memory: 739 megabytes
    Info: Processing ended: Tue Sep 19 17:47:36 2017
    Info: Elapsed time: 00:00:12
    Info: Total CPU time (on all processors): 00:00:12


